<?xml version="1.0" encoding="UTF-8"?>
<!-- Generated by org.testng.reporters.JUnitXMLReporter -->
<testsuite ignored="1" hostname="localhosts" failures="0" tests="4" name="Default test" time="0.131" errors="0" timestamp="2024-07-03T12:42:54 IST">
  <testcase classname="TestNG.SampleTestNG" name="createProduct" time="0.016"/>
  <testcase classname="TestNG.SampleTestNG" name="createProduct" time="0.003"/>
  <testcase classname="TestNG.SampleTestNG" name="createProduct" time="0.002"/>
  <testcase classname="TestNG.SampleTestNG" name="modifyProduct" time="0.003"/>
  <testcase classname="TestNG.SampleTestNG" name="deleteProduct" time="0.0">
    <ignored/>
  </testcase> <!-- deleteProduct -->
</testsuite> <!-- Default test -->
