<?xml version="1.0" encoding="UTF-8"?>
<testng-results ignored="1" total="5" passed="4" failed="0" skipped="0">
  <reporter-output>
  </reporter-output>
  <suite started-at="2024-07-03T12:42:54 IST" name="Default suite" finished-at="2024-07-03T12:42:54 IST" duration-ms="131">
    <groups>
    </groups>
    <test started-at="2024-07-03T12:42:54 IST" name="Default test" finished-at="2024-07-03T12:42:54 IST" duration-ms="131">
      <class name="TestNG.SampleTestNG">
        <test-method signature="createProduct()[pri:-1, instance:TestNG.SampleTestNG@479d31f3]" started-at="2024-07-03T12:42:54 IST" name="createProduct" finished-at="2024-07-03T12:42:54 IST" duration-ms="16" status="PASS">
          <reporter-output>
          </reporter-output>
        </test-method> <!-- createProduct -->
        <test-method signature="createProduct()[pri:-1, instance:TestNG.SampleTestNG@479d31f3]" started-at="2024-07-03T12:42:54 IST" name="createProduct" finished-at="2024-07-03T12:42:54 IST" duration-ms="3" status="PASS">
          <reporter-output>
          </reporter-output>
        </test-method> <!-- createProduct -->
        <test-method signature="createProduct()[pri:-1, instance:TestNG.SampleTestNG@479d31f3]" started-at="2024-07-03T12:42:54 IST" name="createProduct" finished-at="2024-07-03T12:42:54 IST" duration-ms="2" status="PASS">
          <reporter-output>
          </reporter-output>
        </test-method> <!-- createProduct -->
        <test-method signature="modifyProduct()[pri:0, instance:TestNG.SampleTestNG@479d31f3]" started-at="2024-07-03T12:42:54 IST" name="modifyProduct" finished-at="2024-07-03T12:42:54 IST" depends-on-methods="TestNG.SampleTestNG.createProduct" duration-ms="3" status="PASS">
          <reporter-output>
          </reporter-output>
        </test-method> <!-- modifyProduct -->
      </class> <!-- TestNG.SampleTestNG -->
    </test> <!-- Default test -->
  </suite> <!-- Default suite -->
</testng-results>
